[] 18/04/2026 14:30:03 INFO  org.hibernate.validator.internal.util.Version - HV000001: Hibernate Validator 9.0.1.Final
[] 18/04/2026 14:30:03 INFO  ra.edu.Session11Application - Starting Session11Application using Java 17.0.12 with PID 16284 (C:\Users\adminlk\LTJAVA\session11\build\classes\java\main started by adminlk in C:\Users\adminlk\LTJAVA\session11)
[] 18/04/2026 14:30:03 INFO  ra.edu.Session11Application - No active profile set, falling back to 1 default profile: "default"
[] 18/04/2026 14:30:04 INFO  org.springframework.data.repository.config.RepositoryConfigurationDelegate - Bootstrapping Spring Data JPA repositories in DEFAULT mode.
[] 18/04/2026 14:30:04 INFO  org.springframework.data.repository.config.RepositoryConfigurationDelegate - Finished Spring Data repository scanning in 61 ms. Found 3 JPA repository interfaces.
[] 18/04/2026 14:30:05 INFO  org.springframework.boot.tomcat.TomcatWebServer - Tomcat initialized with port 8080 (http)
[] 18/04/2026 14:30:05 INFO  org.apache.coyote.http11.Http11NioProtocol - Initializing ProtocolHandler ["http-nio-8080"]
[] 18/04/2026 14:30:05 INFO  org.apache.catalina.core.StandardService - Starting service [Tomcat]
[] 18/04/2026 14:30:05 INFO  org.apache.catalina.core.StandardEngine - Starting Servlet engine: [Apache Tomcat/11.0.20]
[] 18/04/2026 14:30:05 INFO  org.springframework.boot.web.context.servlet.WebApplicationContextInitializer - Root WebApplicationContext: initialization completed in 2188 ms
[] 18/04/2026 14:30:05 INFO  org.hibernate.orm.jpa - HHH008540: Processing PersistenceUnitInfo [name: default]
[] 18/04/2026 14:30:05 INFO  org.hibernate.orm.core - HHH000001: Hibernate ORM core version 7.2.7.Final
[] 18/04/2026 14:30:07 INFO  org.springframework.orm.jpa.persistenceunit.SpringPersistenceUnitInfo - No LoadTimeWeaver setup: ignoring JPA class transformer
[] 18/04/2026 14:30:07 INFO  com.zaxxer.hikari.HikariDataSource - HikariPool-1 - Starting...
[] 18/04/2026 14:30:09 INFO  com.zaxxer.hikari.pool.HikariPool - HikariPool-1 - Added connection org.postgresql.jdbc.PgConnection@3c9ef37b
[] 18/04/2026 14:30:09 INFO  com.zaxxer.hikari.HikariDataSource - HikariPool-1 - Start completed.
[] 18/04/2026 14:30:09 WARN  org.hibernate.orm.deprecation - HHH90000025: PostgreSQLDialect does not need to be specified explicitly using 'hibernate.dialect' (remove the property setting and it will be selected by default)
[] 18/04/2026 14:30:09 INFO  org.hibernate.orm.connections.pooling - HHH10001005: Database info:
	Database JDBC URL [jdbc:postgresql://localhost:5433/postgres]
	Database driver: PostgreSQL JDBC Driver
	Database dialect: PostgreSQLDialect
	Database version: 18.1
	Default catalog/schema: postgres/public
	Autocommit mode: undefined/unknown
	Isolation level: READ_COMMITTED [default READ_COMMITTED]
	JDBC fetch size: none
	Pool: DataSourceConnectionProvider
	Minimum pool size: undefined/unknown
	Maximum pool size: undefined/unknown
[] 18/04/2026 14:30:11 INFO  org.hibernate.orm.core - HHH000489: No JTA platform available (set 'hibernate.transaction.jta.platform' to enable JTA platform integration)
[] 18/04/2026 14:30:11 DEBUG org.hibernate.SQL - 
    create table supply (
        id bigint generated by default as identity,
        created_at timestamp(6),
        deleted boolean not null,
        name varchar(255) not null,
        provider varchar(255),
        quantity integer not null,
        specification varchar(255),
        updated_at timestamp(6),
        primary key (id)
    )
[] 18/04/2026 14:30:11 DEBUG org.hibernate.SQL - 
    create table transaction (
        id bigint generated by default as identity,
        amount integer not null,
        created_at timestamp(6),
        type varchar(255) not null check ((type in ('IMPORT','EXPORT'))),
        supply_id bigint not null,
        primary key (id)
    )
[] 18/04/2026 14:30:12 DEBUG org.hibernate.SQL - 
    alter table if exists transaction 
       add constraint FKlkmqr6krab0orwmg79p2l2i9c 
       foreign key (supply_id) 
       references supply
[] 18/04/2026 14:30:12 INFO  org.springframework.orm.jpa.LocalContainerEntityManagerFactoryBean - Initialized JPA EntityManagerFactory for persistence unit 'default'
[] 18/04/2026 14:30:12 INFO  org.springframework.data.jpa.repository.query.QueryEnhancerFactories - Hibernate is in classpath; If applicable, HQL parser will be used.
[] 18/04/2026 14:30:13 WARN  org.springframework.boot.jpa.autoconfigure.JpaBaseConfiguration$JpaWebConfiguration - spring.jpa.open-in-view is enabled by default. Therefore, database queries may be performed during view rendering. Explicitly configure spring.jpa.open-in-view to disable this warning
[] 18/04/2026 14:30:14 INFO  org.apache.coyote.http11.Http11NioProtocol - Starting ProtocolHandler ["http-nio-8080"]
[] 18/04/2026 14:30:14 INFO  org.springframework.boot.tomcat.TomcatWebServer - Tomcat started on port 8080 (http) with context path '/'
[] 18/04/2026 14:30:14 INFO  ra.edu.Session11Application - Started Session11Application in 13.157 seconds (process running for 15.181)
[] 18/04/2026 14:30:14 WARN  org.springdoc.core.events.SpringDocAppInitializer - SpringDoc /v3/api-docs endpoint is enabled by default. To disable it in production, set the property 'springdoc.api-docs.enabled=false'
[] 18/04/2026 14:30:14 WARN  org.springdoc.core.events.SpringDocAppInitializer - SpringDoc /swagger-ui.html endpoint is enabled by default. To disable it in production, set the property 'springdoc.swagger-ui.enabled=false'
[] 18/04/2026 14:35:42 INFO  org.apache.catalina.core.ContainerBase.[Tomcat].[localhost].[/] - Initializing Spring DispatcherServlet 'dispatcherServlet'
[] 18/04/2026 14:35:42 INFO  org.springframework.web.servlet.DispatcherServlet - Initializing Servlet 'dispatcherServlet'
[] 18/04/2026 14:35:42 INFO  org.springframework.web.servlet.DispatcherServlet - Completed initialization in 2 ms
[0baabeb5-0ea3-414e-bb64-84391a80d05a] 18/04/2026 14:35:42 DEBUG org.hibernate.SQL - 
    insert 
    into
        supply
        (created_at, deleted, name, provider, quantity, specification, updated_at) 
    values
        (?, ?, ?, ?, ?, ?, ?)
[0baabeb5-0ea3-414e-bb64-84391a80d05a] 18/04/2026 14:35:42 TRACE org.hibernate.orm.jdbc.bind - binding parameter (1:TIMESTAMP) <- [2026-04-18T14:35:42.840136]
[0baabeb5-0ea3-414e-bb64-84391a80d05a] 18/04/2026 14:35:42 TRACE org.hibernate.orm.jdbc.bind - binding parameter (2:BOOLEAN) <- [false]
[0baabeb5-0ea3-414e-bb64-84391a80d05a] 18/04/2026 14:35:42 TRACE org.hibernate.orm.jdbc.bind - binding parameter (3:VARCHAR) <- [Bút bi Thiên Long]
[0baabeb5-0ea3-414e-bb64-84391a80d05a] 18/04/2026 14:35:42 TRACE org.hibernate.orm.jdbc.bind - binding parameter (4:VARCHAR) <- [Thiên Long]
[0baabeb5-0ea3-414e-bb64-84391a80d05a] 18/04/2026 14:35:42 TRACE org.hibernate.orm.jdbc.bind - binding parameter (5:INTEGER) <- [0]
[0baabeb5-0ea3-414e-bb64-84391a80d05a] 18/04/2026 14:35:42 TRACE org.hibernate.orm.jdbc.bind - binding parameter (6:VARCHAR) <- [Mực xanh, 0.5mm]
[0baabeb5-0ea3-414e-bb64-84391a80d05a] 18/04/2026 14:35:42 TRACE org.hibernate.orm.jdbc.bind - binding parameter (7:TIMESTAMP) <- [null]
[0baabeb5-0ea3-414e-bb64-84391a80d05a] 18/04/2026 14:35:42 INFO  ra.edu.service.SupplyService - Tạo vật tư: Bút bi Thiên Long - ID 1
[0baabeb5-0ea3-414e-bb64-84391a80d05a] 18/04/2026 14:35:43 INFO  ra.edu.logging.RequestIdFilter - END REQUEST
[66727d40-c166-45f6-a7d1-1e31230b9461] 18/04/2026 14:39:45 DEBUG org.hibernate.SQL - 
    insert 
    into
        supply
        (created_at, deleted, name, provider, quantity, specification, updated_at) 
    values
        (?, ?, ?, ?, ?, ?, ?)
[66727d40-c166-45f6-a7d1-1e31230b9461] 18/04/2026 14:39:45 TRACE org.hibernate.orm.jdbc.bind - binding parameter (1:TIMESTAMP) <- [2026-04-18T14:39:45.316096]
[66727d40-c166-45f6-a7d1-1e31230b9461] 18/04/2026 14:39:45 TRACE org.hibernate.orm.jdbc.bind - binding parameter (2:BOOLEAN) <- [false]
[66727d40-c166-45f6-a7d1-1e31230b9461] 18/04/2026 14:39:45 TRACE org.hibernate.orm.jdbc.bind - binding parameter (3:VARCHAR) <- [Bút chì 2B]
[66727d40-c166-45f6-a7d1-1e31230b9461] 18/04/2026 14:39:45 TRACE org.hibernate.orm.jdbc.bind - binding parameter (4:VARCHAR) <- [Deli]
[66727d40-c166-45f6-a7d1-1e31230b9461] 18/04/2026 14:39:45 TRACE org.hibernate.orm.jdbc.bind - binding parameter (5:INTEGER) <- [0]
[66727d40-c166-45f6-a7d1-1e31230b9461] 18/04/2026 14:39:45 TRACE org.hibernate.orm.jdbc.bind - binding parameter (6:VARCHAR) <- [Dùng vẽ]
[66727d40-c166-45f6-a7d1-1e31230b9461] 18/04/2026 14:39:45 TRACE org.hibernate.orm.jdbc.bind - binding parameter (7:TIMESTAMP) <- [null]
[66727d40-c166-45f6-a7d1-1e31230b9461] 18/04/2026 14:39:45 INFO  ra.edu.service.SupplyService - Tạo vật tư: Bút chì 2B - ID 2
[66727d40-c166-45f6-a7d1-1e31230b9461] 18/04/2026 14:39:45 INFO  ra.edu.logging.RequestIdFilter - END REQUEST
[a2822899-1cc2-457d-bbb3-e7e1117e0ec2] 18/04/2026 14:41:32 DEBUG org.hibernate.SQL - 
    select
        s1_0.id,
        s1_0.created_at,
        s1_0.deleted,
        s1_0.name,
        s1_0.provider,
        s1_0.quantity,
        s1_0.specification,
        s1_0.updated_at 
    from
        supply s1_0 
    where
        s1_0.id=?
[a2822899-1cc2-457d-bbb3-e7e1117e0ec2] 18/04/2026 14:41:32 TRACE org.hibernate.orm.jdbc.bind - binding parameter (1:BIGINT) <- [1]
[a2822899-1cc2-457d-bbb3-e7e1117e0ec2] 18/04/2026 14:41:32 DEBUG org.hibernate.SQL - 
    update
        supply 
    set
        deleted=?,
        name=?,
        provider=?,
        quantity=?,
        specification=?,
        updated_at=? 
    where
        id=?
[a2822899-1cc2-457d-bbb3-e7e1117e0ec2] 18/04/2026 14:41:32 TRACE org.hibernate.orm.jdbc.bind - binding parameter (1:BOOLEAN) <- [false]
[a2822899-1cc2-457d-bbb3-e7e1117e0ec2] 18/04/2026 14:41:32 TRACE org.hibernate.orm.jdbc.bind - binding parameter (2:VARCHAR) <- [Bút bi Thiên Long]
[a2822899-1cc2-457d-bbb3-e7e1117e0ec2] 18/04/2026 14:41:32 TRACE org.hibernate.orm.jdbc.bind - binding parameter (3:VARCHAR) <- [Thiên Long]
[a2822899-1cc2-457d-bbb3-e7e1117e0ec2] 18/04/2026 14:41:32 TRACE org.hibernate.orm.jdbc.bind - binding parameter (4:INTEGER) <- [100]
[a2822899-1cc2-457d-bbb3-e7e1117e0ec2] 18/04/2026 14:41:32 TRACE org.hibernate.orm.jdbc.bind - binding parameter (5:VARCHAR) <- [Mực xanh, 0.5mm]
[a2822899-1cc2-457d-bbb3-e7e1117e0ec2] 18/04/2026 14:41:32 TRACE org.hibernate.orm.jdbc.bind - binding parameter (6:TIMESTAMP) <- [2026-04-18T14:41:32.236789500]
[a2822899-1cc2-457d-bbb3-e7e1117e0ec2] 18/04/2026 14:41:32 TRACE org.hibernate.orm.jdbc.bind - binding parameter (7:BIGINT) <- [1]
[a2822899-1cc2-457d-bbb3-e7e1117e0ec2] 18/04/2026 14:41:32 DEBUG org.hibernate.SQL - 
    insert 
    into
        transaction
        (amount, created_at, supply_id, type) 
    values
        (?, ?, ?, ?)
[a2822899-1cc2-457d-bbb3-e7e1117e0ec2] 18/04/2026 14:41:32 TRACE org.hibernate.orm.jdbc.bind - binding parameter (1:INTEGER) <- [100]
[a2822899-1cc2-457d-bbb3-e7e1117e0ec2] 18/04/2026 14:41:32 TRACE org.hibernate.orm.jdbc.bind - binding parameter (2:TIMESTAMP) <- [2026-04-18T14:41:32.253951]
[a2822899-1cc2-457d-bbb3-e7e1117e0ec2] 18/04/2026 14:41:32 TRACE org.hibernate.orm.jdbc.bind - binding parameter (3:BIGINT) <- [1]
[a2822899-1cc2-457d-bbb3-e7e1117e0ec2] 18/04/2026 14:41:32 TRACE org.hibernate.orm.jdbc.bind - binding parameter (4:VARCHAR) <- [IMPORT]
[a2822899-1cc2-457d-bbb3-e7e1117e0ec2] 18/04/2026 14:41:32 INFO  ra.edu.logging.RequestIdFilter - END REQUEST
[7d422693-8eae-4dc8-a5e6-909357cd69ec] 18/04/2026 14:42:56 DEBUG org.hibernate.SQL - 
    select
        s1_0.id,
        s1_0.created_at,
        s1_0.deleted,
        s1_0.name,
        s1_0.provider,
        s1_0.quantity,
        s1_0.specification,
        s1_0.updated_at 
    from
        supply s1_0 
    where
        s1_0.id=?
[7d422693-8eae-4dc8-a5e6-909357cd69ec] 18/04/2026 14:42:56 TRACE org.hibernate.orm.jdbc.bind - binding parameter (1:BIGINT) <- [2]
[7d422693-8eae-4dc8-a5e6-909357cd69ec] 18/04/2026 14:42:56 DEBUG org.hibernate.SQL - 
    update
        supply 
    set
        deleted=?,
        name=?,
        provider=?,
        quantity=?,
        specification=?,
        updated_at=? 
    where
        id=?
[7d422693-8eae-4dc8-a5e6-909357cd69ec] 18/04/2026 14:42:56 TRACE org.hibernate.orm.jdbc.bind - binding parameter (1:BOOLEAN) <- [false]
[7d422693-8eae-4dc8-a5e6-909357cd69ec] 18/04/2026 14:42:56 TRACE org.hibernate.orm.jdbc.bind - binding parameter (2:VARCHAR) <- [Bút chì 2B]
[7d422693-8eae-4dc8-a5e6-909357cd69ec] 18/04/2026 14:42:56 TRACE org.hibernate.orm.jdbc.bind - binding parameter (3:VARCHAR) <- [Deli]
[7d422693-8eae-4dc8-a5e6-909357cd69ec] 18/04/2026 14:42:56 TRACE org.hibernate.orm.jdbc.bind - binding parameter (4:INTEGER) <- [120]
[7d422693-8eae-4dc8-a5e6-909357cd69ec] 18/04/2026 14:42:56 TRACE org.hibernate.orm.jdbc.bind - binding parameter (5:VARCHAR) <- [Dùng vẽ]
[7d422693-8eae-4dc8-a5e6-909357cd69ec] 18/04/2026 14:42:56 TRACE org.hibernate.orm.jdbc.bind - binding parameter (6:TIMESTAMP) <- [2026-04-18T14:42:56.169806700]
[7d422693-8eae-4dc8-a5e6-909357cd69ec] 18/04/2026 14:42:56 TRACE org.hibernate.orm.jdbc.bind - binding parameter (7:BIGINT) <- [2]
[7d422693-8eae-4dc8-a5e6-909357cd69ec] 18/04/2026 14:42:56 DEBUG org.hibernate.SQL - 
    insert 
    into
        transaction
        (amount, created_at, supply_id, type) 
    values
        (?, ?, ?, ?)
[7d422693-8eae-4dc8-a5e6-909357cd69ec] 18/04/2026 14:42:56 TRACE org.hibernate.orm.jdbc.bind - binding parameter (1:INTEGER) <- [120]
[7d422693-8eae-4dc8-a5e6-909357cd69ec] 18/04/2026 14:42:56 TRACE org.hibernate.orm.jdbc.bind - binding parameter (2:TIMESTAMP) <- [2026-04-18T14:42:56.174800]
[7d422693-8eae-4dc8-a5e6-909357cd69ec] 18/04/2026 14:42:56 TRACE org.hibernate.orm.jdbc.bind - binding parameter (3:BIGINT) <- [2]
[7d422693-8eae-4dc8-a5e6-909357cd69ec] 18/04/2026 14:42:56 TRACE org.hibernate.orm.jdbc.bind - binding parameter (4:VARCHAR) <- [IMPORT]
[7d422693-8eae-4dc8-a5e6-909357cd69ec] 18/04/2026 14:42:56 INFO  ra.edu.logging.RequestIdFilter - END REQUEST
[e5d21c73-a240-4694-ba5f-7016177ca77c] 18/04/2026 14:43:34 DEBUG org.hibernate.SQL - 
    select
        s1_0.id,
        s1_0.created_at,
        s1_0.deleted,
        s1_0.name,
        s1_0.provider,
        s1_0.quantity,
        s1_0.specification,
        s1_0.updated_at 
    from
        supply s1_0 
    where
        s1_0.id=?
[e5d21c73-a240-4694-ba5f-7016177ca77c] 18/04/2026 14:43:34 TRACE org.hibernate.orm.jdbc.bind - binding parameter (1:BIGINT) <- [1]
[e5d21c73-a240-4694-ba5f-7016177ca77c] 18/04/2026 14:43:34 DEBUG org.hibernate.SQL - 
    update
        supply 
    set
        deleted=?,
        name=?,
        provider=?,
        quantity=?,
        specification=?,
        updated_at=? 
    where
        id=?
[e5d21c73-a240-4694-ba5f-7016177ca77c] 18/04/2026 14:43:34 TRACE org.hibernate.orm.jdbc.bind - binding parameter (1:BOOLEAN) <- [false]
[e5d21c73-a240-4694-ba5f-7016177ca77c] 18/04/2026 14:43:34 TRACE org.hibernate.orm.jdbc.bind - binding parameter (2:VARCHAR) <- [Bút bi Thiên Long]
[e5d21c73-a240-4694-ba5f-7016177ca77c] 18/04/2026 14:43:34 TRACE org.hibernate.orm.jdbc.bind - binding parameter (3:VARCHAR) <- [Thiên Long]
[e5d21c73-a240-4694-ba5f-7016177ca77c] 18/04/2026 14:43:34 TRACE org.hibernate.orm.jdbc.bind - binding parameter (4:INTEGER) <- [60]
[e5d21c73-a240-4694-ba5f-7016177ca77c] 18/04/2026 14:43:34 TRACE org.hibernate.orm.jdbc.bind - binding parameter (5:VARCHAR) <- [Mực xanh, 0.5mm]
[e5d21c73-a240-4694-ba5f-7016177ca77c] 18/04/2026 14:43:34 TRACE org.hibernate.orm.jdbc.bind - binding parameter (6:TIMESTAMP) <- [2026-04-18T14:43:34.131627]
[e5d21c73-a240-4694-ba5f-7016177ca77c] 18/04/2026 14:43:34 TRACE org.hibernate.orm.jdbc.bind - binding parameter (7:BIGINT) <- [1]
[e5d21c73-a240-4694-ba5f-7016177ca77c] 18/04/2026 14:43:34 DEBUG org.hibernate.SQL - 
    insert 
    into
        transaction
        (amount, created_at, supply_id, type) 
    values
        (?, ?, ?, ?)
[e5d21c73-a240-4694-ba5f-7016177ca77c] 18/04/2026 14:43:34 TRACE org.hibernate.orm.jdbc.bind - binding parameter (1:INTEGER) <- [40]
[e5d21c73-a240-4694-ba5f-7016177ca77c] 18/04/2026 14:43:34 TRACE org.hibernate.orm.jdbc.bind - binding parameter (2:TIMESTAMP) <- [2026-04-18T14:43:34.135616]
[e5d21c73-a240-4694-ba5f-7016177ca77c] 18/04/2026 14:43:34 TRACE org.hibernate.orm.jdbc.bind - binding parameter (3:BIGINT) <- [1]
[e5d21c73-a240-4694-ba5f-7016177ca77c] 18/04/2026 14:43:34 TRACE org.hibernate.orm.jdbc.bind - binding parameter (4:VARCHAR) <- [EXPORT]
[e5d21c73-a240-4694-ba5f-7016177ca77c] 18/04/2026 14:43:34 INFO  ra.edu.logging.RequestIdFilter - END REQUEST
[cd695f6e-02b1-4c56-9dd7-c89b39c00d38] 18/04/2026 14:49:36 DEBUG org.hibernate.SQL - 
    select
        t1_0.supply_id,
        s1_0.name,
        sum(t1_0.amount) 
    from
        transaction t1_0 
    join
        supply s1_0 
            on s1_0.id=t1_0.supply_id 
    where
        t1_0.type=? 
        and date(t1_0.created_at)=current_date 
    group by
        t1_0.supply_id,
        s1_0.name
[cd695f6e-02b1-4c56-9dd7-c89b39c00d38] 18/04/2026 14:49:36 TRACE org.hibernate.orm.jdbc.bind - binding parameter (1:VARCHAR) <- [EXPORT]
[cd695f6e-02b1-4c56-9dd7-c89b39c00d38] 18/04/2026 14:49:36 INFO  statistics - Daily export done in 92 ms
[cd695f6e-02b1-4c56-9dd7-c89b39c00d38] 18/04/2026 14:49:36 INFO  ra.edu.logging.RequestIdFilter - END REQUEST
[] 18/04/2026 15:34:26 WARN  com.zaxxer.hikari.pool.HikariPool - HikariPool-1 - Thread starvation or clock leap detected (housekeeper delta=22m16s994ms577µs).
